Terminated

------------------------------------------------------------
Sender: LSF System <lsfadmin@u12>
Subject: Job 17542404: <python poolB_C2.py> in cluster <solar> Exited

Job <python poolB_C2.py> was submitted from host <selene> by user <arangooj> in cluster <solar>.
Job was executed on host(s) <8*u12>, in queue <sol>, as user <arangooj> in cluster <solar>.
</home/arangooj> was used as the home directory.
</ifs/work/leukgen/home/arangooj/repos/demultiplex_fastq> was used as the working directory.
Started at Tue Feb 27 10:21:41 2018
Results reported on Tue Feb 27 10:33:11 2018

Your job looked like:

------------------------------------------------------------
# LSBATCH: User input
python poolB_C2.py
------------------------------------------------------------

TERM_MEMLIMIT: job killed after reaching LSF memory usage limit.
Exited with exit code 143.

Resource usage summary:

    CPU time :                                   685.63 sec.
    Max Memory :                                 65 GB
    Average Memory :                             32.69 GB
    Total Requested Memory :                     64.00 GB
    Delta Memory :                               -1.00 GB
    Max Swap :                                   65 GB
    Max Processes :                              3
    Max Threads :                                4
    Run time :                                   690 sec.
    Turnaround time :                            690 sec.

The output (if any) is above this job summary.

